<?xml version="1.0" encoding="UTF-8"?>
<testng-results ignored="0" total="1" passed="1" failed="0" skipped="0">
  <reporter-output>
  </reporter-output>
  <suite started-at="2023-09-07T10:18:50 MESZ" name="Surefire suite" finished-at="2023-09-07T10:18:54 MESZ" duration-ms="3275">
    <groups>
    </groups>
    <test started-at="2023-09-07T10:18:50 MESZ" name="Surefire test" finished-at="2023-09-07T10:18:54 MESZ" duration-ms="3275">
      <class name="mpack.FirstTest">
        <test-method signature="mOne()[pri:0, instance:mpack.FirstTest@8317c52]" started-at="2023-09-07T10:18:50 MESZ" name="mOne" finished-at="2023-09-07T10:18:54 MESZ" duration-ms="3226" status="PASS">
          <reporter-output>
          </reporter-output>
        </test-method> <!-- mOne -->
      </class> <!-- mpack.FirstTest -->
    </test> <!-- Surefire test -->
  </suite> <!-- Surefire suite -->
</testng-results>
